<?xml version="1.0" encoding="UTF-8"?>
<coverage generated="1615314530903" clover="3.2.0">
  <project timestamp="1615314530903" name="All files">
    <metrics statements="30" coveredstatements="27" conditionals="15" coveredconditionals="13" methods="6" coveredmethods="6" elements="51" coveredelements="46" complexity="0" loc="30" ncloc="30" packages="1" files="1" classes="1"/>
    <file name="functions.js" path="/mnt/e/!work/Projects/frontend-project-lvl2/src/functions.js">
      <metrics statements="30" coveredstatements="27" conditionals="15" coveredconditionals="13" methods="6" coveredmethods="6"/>
      <line num="13" count="1" type="stmt"/>
      <line num="14" count="2" type="stmt"/>
      <line num="15" count="2" type="stmt"/>
      <line num="18" count="2" type="cond" truecount="1" falsecount="2"/>
      <line num="20" count="0" type="stmt"/>
      <line num="21" count="0" type="stmt"/>
      <line num="23" count="2" type="stmt"/>
      <line num="24" count="2" type="stmt"/>
      <line num="26" count="0" type="stmt"/>
      <line num="28" count="2" type="stmt"/>
      <line num="34" count="2" type="stmt"/>
      <line num="41" count="1" type="stmt"/>
      <line num="42" count="1" type="stmt"/>
      <line num="43" count="1" type="stmt"/>
      <line num="45" count="1" type="stmt"/>
      <line num="46" count="1" type="stmt"/>
      <line num="47" count="1" type="stmt"/>
      <line num="49" count="1" type="stmt"/>
      <line num="50" count="14" type="stmt"/>
      <line num="51" count="12" type="stmt"/>
      <line num="53" count="5" type="cond" truecount="4" falsecount="0"/>
      <line num="54" count="2" type="cond" truecount="2" falsecount="0"/>
      <line num="55" count="1" type="stmt"/>
      <line num="57" count="1" type="stmt"/>
      <line num="58" count="1" type="stmt"/>
      <line num="60" count="2" type="stmt"/>
      <line num="62" count="3" type="cond" truecount="4" falsecount="0"/>
      <line num="63" count="3" type="cond" truecount="2" falsecount="0"/>
      <line num="64" count="3" type="stmt"/>
      <line num="66" count="1" type="stmt"/>
    </file>
  </project>
</coverage>
