{"/mnt/e/!work/Projects/frontend-project-lvl2/src/functions.js": {"path":"/mnt/e/!work/Projects/frontend-project-lvl2/src/functions.js","statementMap":{"0":{"start":{"line":13,"column":24},"end":{"line":29,"column":1}},"1":{"start":{"line":14,"column":24},"end":{"line":14,"column":51}},"2":{"start":{"line":15,"column":15},"end":{"line":15,"column":42}},"3":{"start":{"line":18,"column":2},"end":{"line":27,"column":3}},"4":{"start":{"line":20,"column":6},"end":{"line":20,"column":28}},"5":{"start":{"line":21,"column":6},"end":{"line":21,"column":12}},"6":{"start":{"line":23,"column":6},"end":{"line":23,"column":29}},"7":{"start":{"line":24,"column":6},"end":{"line":24,"column":12}},"8":{"start":{"line":26,"column":6},"end":{"line":26,"column":17}},"9":{"start":{"line":28,"column":2},"end":{"line":28,"column":13}},"10":{"start":{"line":34,"column":26},"end":{"line":34,"column":87}},"11":{"start":{"line":34,"column":38},"end":{"line":34,"column":87}},"12":{"start":{"line":41,"column":24},"end":{"line":67,"column":1}},"13":{"start":{"line":42,"column":22},"end":{"line":42,"column":73}},"14":{"start":{"line":43,"column":22},"end":{"line":43,"column":73}},"15":{"start":{"line":45,"column":20},"end":{"line":45,"column":47}},"16":{"start":{"line":46,"column":20},"end":{"line":46,"column":47}},"17":{"start":{"line":47,"column":18},"end":{"line":47,"column":82}},"18":{"start":{"line":49,"column":18},"end":{"line":65,"column":8}},"19":{"start":{"line":50,"column":17},"end":{"line":50,"column":66}},"20":{"start":{"line":50,"column":46},"end":{"line":50,"column":65}},"21":{"start":{"line":51,"column":17},"end":{"line":51,"column":66}},"22":{"start":{"line":51,"column":46},"end":{"line":51,"column":65}},"23":{"start":{"line":53,"column":4},"end":{"line":61,"column":5}},"24":{"start":{"line":54,"column":6},"end":{"line":59,"column":7}},"25":{"start":{"line":55,"column":8},"end":{"line":55,"column":49}},"26":{"start":{"line":57,"column":8},"end":{"line":57,"column":49}},"27":{"start":{"line":58,"column":8},"end":{"line":58,"column":49}},"28":{"start":{"line":60,"column":6},"end":{"line":60,"column":17}},"29":{"start":{"line":62,"column":4},"end":{"line":62,"column":91}},"30":{"start":{"line":62,"column":50},"end":{"line":62,"column":91}},"31":{"start":{"line":63,"column":4},"end":{"line":63,"column":69}},"32":{"start":{"line":63,"column":28},"end":{"line":63,"column":69}},"33":{"start":{"line":64,"column":4},"end":{"line":64,"column":15}},"34":{"start":{"line":66,"column":2},"end":{"line":66,"column":39}}},"fnMap":{"0":{"name":"(anonymous_0)","decl":{"start":{"line":13,"column":24},"end":{"line":13,"column":25}},"loc":{"start":{"line":13,"column":49},"end":{"line":29,"column":1}},"line":13},"1":{"name":"(anonymous_1)","decl":{"start":{"line":34,"column":26},"end":{"line":34,"column":27}},"loc":{"start":{"line":34,"column":38},"end":{"line":34,"column":87}},"line":34},"2":{"name":"(anonymous_2)","decl":{"start":{"line":41,"column":24},"end":{"line":41,"column":25}},"loc":{"start":{"line":41,"column":42},"end":{"line":67,"column":1}},"line":41},"3":{"name":"(anonymous_3)","decl":{"start":{"line":49,"column":33},"end":{"line":49,"column":34}},"loc":{"start":{"line":49,"column":47},"end":{"line":65,"column":3}},"line":49},"4":{"name":"(anonymous_4)","decl":{"start":{"line":50,"column":32},"end":{"line":50,"column":33}},"loc":{"start":{"line":50,"column":46},"end":{"line":50,"column":65}},"line":50},"5":{"name":"(anonymous_5)","decl":{"start":{"line":51,"column":32},"end":{"line":51,"column":33}},"loc":{"start":{"line":51,"column":46},"end":{"line":51,"column":65}},"line":51}},"branchMap":{"0":{"loc":{"start":{"line":18,"column":2},"end":{"line":27,"column":3}},"type":"switch","locations":[{"start":{"line":19,"column":4},"end":{"line":21,"column":12}},{"start":{"line":22,"column":4},"end":{"line":24,"column":12}},{"start":{"line":25,"column":4},"end":{"line":26,"column":17}}],"line":18},"1":{"loc":{"start":{"line":53,"column":4},"end":{"line":61,"column":5}},"type":"if","locations":[{"start":{"line":53,"column":4},"end":{"line":61,"column":5}},{"start":{"line":53,"column":4},"end":{"line":61,"column":5}}],"line":53},"2":{"loc":{"start":{"line":53,"column":8},"end":{"line":53,"column":48}},"type":"binary-expr","locations":[{"start":{"line":53,"column":8},"end":{"line":53,"column":26}},{"start":{"line":53,"column":30},"end":{"line":53,"column":48}}],"line":53},"3":{"loc":{"start":{"line":54,"column":6},"end":{"line":59,"column":7}},"type":"if","locations":[{"start":{"line":54,"column":6},"end":{"line":59,"column":7}},{"start":{"line":54,"column":6},"end":{"line":59,"column":7}}],"line":54},"4":{"loc":{"start":{"line":62,"column":4},"end":{"line":62,"column":91}},"type":"if","locations":[{"start":{"line":62,"column":4},"end":{"line":62,"column":91}},{"start":{"line":62,"column":4},"end":{"line":62,"column":91}}],"line":62},"5":{"loc":{"start":{"line":62,"column":8},"end":{"line":62,"column":48}},"type":"binary-expr","locations":[{"start":{"line":62,"column":8},"end":{"line":62,"column":26}},{"start":{"line":62,"column":30},"end":{"line":62,"column":48}}],"line":62},"6":{"loc":{"start":{"line":63,"column":4},"end":{"line":63,"column":69}},"type":"if","locations":[{"start":{"line":63,"column":4},"end":{"line":63,"column":69}},{"start":{"line":63,"column":4},"end":{"line":63,"column":69}}],"line":63}},"s":{"0":1,"1":2,"2":2,"3":2,"4":0,"5":0,"6":2,"7":2,"8":0,"9":2,"10":1,"11":2,"12":1,"13":1,"14":1,"15":1,"16":1,"17":1,"18":1,"19":5,"20":14,"21":5,"22":12,"23":5,"24":2,"25":1,"26":1,"27":1,"28":2,"29":3,"30":2,"31":3,"32":1,"33":3,"34":1},"f":{"0":2,"1":2,"2":1,"3":5,"4":14,"5":12},"b":{"0":[0,2,0],"1":[2,3],"2":[5,4],"3":[1,1],"4":[2,1],"5":[3,2],"6":[1,2]},"inputSourceMap":null,"_coverageSchema":"1a1c01bbd47fc00a2c39e90264f33305004495a9","hash":"b379ef1508e74e191e62d9b6008bd2b4e85d0203"}
}
