TN:
SF:src/functions.js
FN:13,(anonymous_0)
FN:34,(anonymous_1)
FN:41,(anonymous_2)
FN:49,(anonymous_3)
FN:50,(anonymous_4)
FN:51,(anonymous_5)
FNF:6
FNH:6
FNDA:2,(anonymous_0)
FNDA:2,(anonymous_1)
FNDA:1,(anonymous_2)
FNDA:5,(anonymous_3)
FNDA:14,(anonymous_4)
FNDA:12,(anonymous_5)
DA:13,1
DA:14,2
DA:15,2
DA:18,2
DA:20,0
DA:21,0
DA:23,2
DA:24,2
DA:26,0
DA:28,2
DA:34,2
DA:41,1
DA:42,1
DA:43,1
DA:45,1
DA:46,1
DA:47,1
DA:49,1
DA:50,14
DA:51,12
DA:53,5
DA:54,2
DA:55,1
DA:57,1
DA:58,1
DA:60,2
DA:62,3
DA:63,3
DA:64,3
DA:66,1
LF:30
LH:27
BRDA:18,0,0,0
BRDA:18,0,1,2
BRDA:18,0,2,0
BRDA:53,1,0,2
BRDA:53,1,1,3
BRDA:53,2,0,5
BRDA:53,2,1,4
BRDA:54,3,0,1
BRDA:54,3,1,1
BRDA:62,4,0,2
BRDA:62,4,1,1
BRDA:62,5,0,3
BRDA:62,5,1,2
BRDA:63,6,0,1
BRDA:63,6,1,2
BRF:15
BRH:13
end_of_record
